2023-05-21 12:22:05,021 INFO org.springframework.boot.StartupInfoLogger [main] Starting Application using Java 11.0.3 on N14911 with PID 19180 (C:\Users\kahussain\Downloads\springboot-logbook\target\classes started by kahussain in C:\Users\kahussain\Downloads\springboot-logbook)
2023-05-21 12:22:05,029 INFO org.springframework.boot.SpringApplication [main] No active profile set, falling back to 1 default profile: "default"
2023-05-21 12:22:07,086 INFO org.springframework.boot.web.embedded.tomcat.TomcatWebServer [main] Tomcat initialized with port(s): 8081 (http)
2023-05-21 12:22:07,592 INFO org.springframework.boot.web.servlet.context.ServletWebServerApplicationContext [main] Root WebApplicationContext: initialization completed in 2332 ms
2023-05-21 12:22:08,165 WARN org.springframework.context.support.AbstractApplicationContext [main] Exception encountered during context initialization - cancelling refresh attempt: org.springframework.beans.factory.BeanCreationException: Error creating bean with name 'requestMappingHandlerMapping' defined in class path resource [org/springframework/boot/autoconfigure/web/servlet/WebMvcAutoConfiguration$EnableWebMvcConfiguration.class]: Invocation of init method failed; nested exception is java.lang.IllegalStateException: Ambiguous mapping. Cannot map 'userController' method 
com.sm.controller.UserController#getUsers(Long)
to {GET [/users/{id}]}: There is already 'userController' bean method
com.sm.controller.UserController#getUsers(UserRequest, String) mapped.
2023-05-21 12:22:08,192 INFO org.springframework.boot.autoconfigure.logging.ConditionEvaluationReportLoggingListener [main] 

Error starting ApplicationContext. To display the conditions report re-run your application with 'debug' enabled.
2023-05-21 12:22:08,247 ERROR org.springframework.boot.SpringApplication [main] Application run failed
org.springframework.beans.factory.BeanCreationException: Error creating bean with name 'requestMappingHandlerMapping' defined in class path resource [org/springframework/boot/autoconfigure/web/servlet/WebMvcAutoConfiguration$EnableWebMvcConfiguration.class]: Invocation of init method failed; nested exception is java.lang.IllegalStateException: Ambiguous mapping. Cannot map 'userController' method 
com.sm.controller.UserController#getUsers(Long)
to {GET [/users/{id}]}: There is already 'userController' bean method
com.sm.controller.UserController#getUsers(UserRequest, String) mapped.
	at org.springframework.beans.factory.support.AbstractAutowireCapableBeanFactory.initializeBean(AbstractAutowireCapableBeanFactory.java:1804)
	at org.springframework.beans.factory.support.AbstractAutowireCapableBeanFactory.doCreateBean(AbstractAutowireCapableBeanFactory.java:620)
	at org.springframework.beans.factory.support.AbstractAutowireCapableBeanFactory.createBean(AbstractAutowireCapableBeanFactory.java:542)
	at org.springframework.beans.factory.support.AbstractBeanFactory.lambda$doGetBean$0(AbstractBeanFactory.java:335)
	at org.springframework.beans.factory.support.DefaultSingletonBeanRegistry.getSingleton(DefaultSingletonBeanRegistry.java:234)
	at org.springframework.beans.factory.support.AbstractBeanFactory.doGetBean(AbstractBeanFactory.java:333)
	at org.springframework.beans.factory.support.AbstractBeanFactory.getBean(AbstractBeanFactory.java:208)
	at org.springframework.beans.factory.support.DefaultListableBeanFactory.preInstantiateSingletons(DefaultListableBeanFactory.java:955)
	at org.springframework.context.support.AbstractApplicationContext.finishBeanFactoryInitialization(AbstractApplicationContext.java:918)
	at org.springframework.context.support.AbstractApplicationContext.refresh(AbstractApplicationContext.java:583)
	at org.springframework.boot.web.servlet.context.ServletWebServerApplicationContext.refresh(ServletWebServerApplicationContext.java:147)
	at org.springframework.boot.SpringApplication.refresh(SpringApplication.java:734)
	at org.springframework.boot.SpringApplication.refreshContext(SpringApplication.java:408)
	at org.springframework.boot.SpringApplication.run(SpringApplication.java:308)
	at org.springframework.boot.SpringApplication.run(SpringApplication.java:1306)
	at org.springframework.boot.SpringApplication.run(SpringApplication.java:1295)
	at com.sm.Application.main(Application.java:10)
Caused by: java.lang.IllegalStateException: Ambiguous mapping. Cannot map 'userController' method 
com.sm.controller.UserController#getUsers(Long)
to {GET [/users/{id}]}: There is already 'userController' bean method
com.sm.controller.UserController#getUsers(UserRequest, String) mapped.
	at org.springframework.web.servlet.handler.AbstractHandlerMethodMapping$MappingRegistry.validateMethodMapping(AbstractHandlerMethodMapping.java:669)
	at org.springframework.web.servlet.handler.AbstractHandlerMethodMapping$MappingRegistry.register(AbstractHandlerMethodMapping.java:635)
	at org.springframework.web.servlet.handler.AbstractHandlerMethodMapping.registerHandlerMethod(AbstractHandlerMethodMapping.java:332)
	at org.springframework.web.servlet.mvc.method.annotation.RequestMappingHandlerMapping.registerHandlerMethod(RequestMappingHandlerMapping.java:420)
	at org.springframework.web.servlet.mvc.method.annotation.RequestMappingHandlerMapping.registerHandlerMethod(RequestMappingHandlerMapping.java:76)
	at org.springframework.web.servlet.handler.AbstractHandlerMethodMapping.lambda$detectHandlerMethods$2(AbstractHandlerMethodMapping.java:299)
	at java.base/java.util.LinkedHashMap.forEach(LinkedHashMap.java:684)
	at org.springframework.web.servlet.handler.AbstractHandlerMethodMapping.detectHandlerMethods(AbstractHandlerMethodMapping.java:297)
	at org.springframework.web.servlet.handler.AbstractHandlerMethodMapping.processCandidateBean(AbstractHandlerMethodMapping.java:266)
	at org.springframework.web.servlet.handler.AbstractHandlerMethodMapping.initHandlerMethods(AbstractHandlerMethodMapping.java:225)
	at org.springframework.web.servlet.handler.AbstractHandlerMethodMapping.afterPropertiesSet(AbstractHandlerMethodMapping.java:213)
	at org.springframework.web.servlet.mvc.method.annotation.RequestMappingHandlerMapping.afterPropertiesSet(RequestMappingHandlerMapping.java:205)
	at org.springframework.beans.factory.support.AbstractAutowireCapableBeanFactory.invokeInitMethods(AbstractAutowireCapableBeanFactory.java:1863)
	at org.springframework.beans.factory.support.AbstractAutowireCapableBeanFactory.initializeBean(AbstractAutowireCapableBeanFactory.java:1800)
	... 16 common frames omitted
2023-05-21 12:23:11,117 INFO org.springframework.boot.StartupInfoLogger [main] Starting Application using Java 11.0.3 on N14911 with PID 19468 (C:\Users\kahussain\Downloads\springboot-logbook\target\classes started by kahussain in C:\Users\kahussain\Downloads\springboot-logbook)
2023-05-21 12:23:11,123 INFO org.springframework.boot.SpringApplication [main] No active profile set, falling back to 1 default profile: "default"
2023-05-21 12:23:12,792 INFO org.springframework.boot.web.embedded.tomcat.TomcatWebServer [main] Tomcat initialized with port(s): 8081 (http)
2023-05-21 12:23:13,013 INFO org.springframework.boot.web.servlet.context.ServletWebServerApplicationContext [main] Root WebApplicationContext: initialization completed in 1813 ms
2023-05-21 12:23:13,646 INFO org.springframework.boot.web.embedded.tomcat.TomcatWebServer [main] Tomcat started on port(s): 8081 (http) with context path ''
2023-05-21 12:23:13,664 INFO org.springframework.boot.StartupInfoLogger [main] Started Application in 3.596 seconds (JVM running for 5.682)
2023-05-21 12:24:08,345 INFO org.springframework.web.servlet.FrameworkServlet [http-nio-8081-exec-1] Initializing Servlet 'dispatcherServlet'
2023-05-21 12:24:08,347 INFO org.springframework.web.servlet.FrameworkServlet [http-nio-8081-exec-1] Completed initialization in 0 ms
2023-05-21 12:24:08,485 TRACE org.zalando.logbook.DefaultHttpLogWriter [http-nio-8081-exec-1] {"origin":"remote","type":"request","correlation":"f4e69dc6dd158f55","protocol":"HTTP/1.1","remote":"0:0:0:0:0:0:0:1","method":"POST","uri":"http://localhost:8081/users","host":"localhost","path":"/users","scheme":"http","port":"8081","headers":{"accept":["*/*"],"accept-encoding":["gzip, deflate, br"],"app_id":["test-api"],"connection":["keep-alive"],"content-length":["58"],"content-type":["application/json"],"host":["localhost:8081"],"postman-token":["450aa46d-2a65-4301-88fc-9cfaffc272f9"],"user-agent":["PostmanRuntime/7.29.2"]},"body":{"name":"John","email":"john123@mail.com"}}
2023-05-21 12:24:08,591 INFO com.sm.repo.UserRepository [http-nio-8081-exec-1] INFO -> Get all users data
2023-05-21 12:24:08,666 TRACE org.zalando.logbook.DefaultHttpLogWriter [http-nio-8081-exec-1] {"origin":"local","type":"response","correlation":"f4e69dc6dd158f55","duration":305,"protocol":"HTTP/1.1","status":200,"headers":{"Connection":["keep-alive"],"Content-Type":["application/json"],"Date":["Sun, 21 May 2023 09:24:08 GMT"],"Keep-Alive":["timeout=60"],"Transfer-Encoding":["chunked"]},"body":{"id":100,"name":"zyx","email":"xyz@gmail.com","status":false}}
2023-05-21 13:48:23,927 INFO org.springframework.boot.StartupInfoLogger [main] Starting Application using Java 11.0.3 on N14911 with PID 11188 (C:\Users\kahussain\Downloads\springboot-logbook\target\classes started by kahussain in C:\Users\kahussain\Downloads\springboot-logbook)
2023-05-21 13:48:23,931 INFO org.springframework.boot.SpringApplication [main] No active profile set, falling back to 1 default profile: "default"
2023-05-21 13:48:25,444 INFO org.springframework.boot.web.embedded.tomcat.TomcatWebServer [main] Tomcat initialized with port(s): 8081 (http)
2023-05-21 13:48:25,723 INFO org.springframework.boot.web.servlet.context.ServletWebServerApplicationContext [main] Root WebApplicationContext: initialization completed in 1725 ms
2023-05-21 13:48:26,401 INFO org.springframework.boot.web.embedded.tomcat.TomcatWebServer [main] Tomcat started on port(s): 8081 (http) with context path ''
2023-05-21 13:48:26,433 INFO org.springframework.boot.StartupInfoLogger [main] Started Application in 3.323 seconds (JVM running for 5.711)
2023-05-21 13:48:43,923 INFO org.springframework.boot.StartupInfoLogger [main] Starting Application using Java 11.0.3 on N14911 with PID 20280 (C:\Users\kahussain\Downloads\springboot-logbook\target\classes started by kahussain in C:\Users\kahussain\Downloads\springboot-logbook)
2023-05-21 13:48:43,927 INFO org.springframework.boot.SpringApplication [main] No active profile set, falling back to 1 default profile: "default"
2023-05-21 13:48:45,547 INFO org.springframework.boot.web.embedded.tomcat.TomcatWebServer [main] Tomcat initialized with port(s): 8081 (http)
2023-05-21 13:48:45,782 INFO org.springframework.boot.web.servlet.context.ServletWebServerApplicationContext [main] Root WebApplicationContext: initialization completed in 1775 ms
2023-05-21 13:48:46,469 INFO org.springframework.boot.web.embedded.tomcat.TomcatWebServer [main] Tomcat started on port(s): 8081 (http) with context path ''
2023-05-21 13:48:46,489 INFO org.springframework.boot.StartupInfoLogger [main] Started Application in 3.462 seconds (JVM running for 5.187)
2023-05-21 13:49:13,365 INFO org.springframework.web.servlet.FrameworkServlet [http-nio-8081-exec-2] Initializing Servlet 'dispatcherServlet'
2023-05-21 13:49:13,368 INFO org.springframework.web.servlet.FrameworkServlet [http-nio-8081-exec-2] Completed initialization in 1 ms
2023-05-21 13:49:13,535 INFO com.sm.repo.UserRepository [http-nio-8081-exec-2] INFO -> Get all users data
2023-05-21 13:50:38,251 INFO com.sm.repo.UserRepository [http-nio-8081-exec-5] INFO -> Get all users data
2023-05-21 13:50:52,802 INFO org.springframework.boot.StartupInfoLogger [main] Starting Application using Java 11.0.3 on N14911 with PID 7808 (C:\Users\kahussain\Downloads\springboot-logbook\target\classes started by kahussain in C:\Users\kahussain\Downloads\springboot-logbook)
2023-05-21 13:50:52,820 INFO org.springframework.boot.SpringApplication [main] No active profile set, falling back to 1 default profile: "default"
2023-05-21 13:50:54,566 INFO org.springframework.boot.web.embedded.tomcat.TomcatWebServer [main] Tomcat initialized with port(s): 8081 (http)
2023-05-21 13:50:54,775 INFO org.springframework.boot.web.servlet.context.ServletWebServerApplicationContext [main] Root WebApplicationContext: initialization completed in 1850 ms
2023-05-21 13:50:55,658 INFO org.springframework.boot.web.embedded.tomcat.TomcatWebServer [main] Tomcat started on port(s): 8081 (http) with context path ''
2023-05-21 13:50:55,701 INFO org.springframework.boot.StartupInfoLogger [main] Started Application in 3.948 seconds (JVM running for 6.009)
2023-05-21 13:51:01,361 INFO org.springframework.web.servlet.FrameworkServlet [http-nio-8081-exec-1] Initializing Servlet 'dispatcherServlet'
2023-05-21 13:51:01,363 INFO org.springframework.web.servlet.FrameworkServlet [http-nio-8081-exec-1] Completed initialization in 1 ms
2023-05-21 13:51:01,495 TRACE org.zalando.logbook.DefaultHttpLogWriter [http-nio-8081-exec-1] Incoming Request: 8aa701a2977a3522
Remote: 0:0:0:0:0:0:0:1
POST http://localhost:8081/users HTTP/1.1
accept: */*
accept-encoding: gzip, deflate, br
app_id: test-api
connection: keep-alive
content-length: 58
content-type: application/json
host: localhost:8081
postman-token: f45a0d97-80c7-4fe9-9e6a-71c14f3b6f70
user-agent: PostmanRuntime/7.29.2

{"name":"John","email":"john123@mail.com"}
2023-05-21 13:51:01,997 INFO com.sm.repo.UserRepository [http-nio-8081-exec-1] INFO -> Get all users data
2023-05-21 13:51:02,074 TRACE org.zalando.logbook.DefaultHttpLogWriter [http-nio-8081-exec-1] Outgoing Response: 8aa701a2977a3522
Duration: 677 ms
HTTP/1.1 200 OK
Connection: keep-alive
Content-Type: application/json
Date: Sun, 21 May 2023 10:51:02 GMT
Keep-Alive: timeout=60
Transfer-Encoding: chunked

{"id":100,"name":"zyx","email":"xyz@gmail.com","status":false}
2023-05-21 13:51:34,350 TRACE org.zalando.logbook.DefaultHttpLogWriter [http-nio-8081-exec-9] Incoming Request: fc4cd9880323bc8c
Remote: 0:0:0:0:0:0:0:1
GET http://localhost:8081/health/info HTTP/1.1
accept: */*
accept-encoding: gzip, deflate, br
app_id: test-api
connection: keep-alive
content-length: 58
content-type: application/json
host: localhost:8081
postman-token: 2e1e7f69-38db-4942-8eec-1211d8508904
user-agent: PostmanRuntime/7.29.2

{"name":"John","email":"john123@mail.com"}
2023-05-21 13:51:34,354 TRACE org.zalando.logbook.DefaultHttpLogWriter [http-nio-8081-exec-9] Outgoing Response: fc4cd9880323bc8c
Duration: 4 ms
HTTP/1.1 200 OK
Connection: keep-alive
Content-Length: 9
Content-Type: text/plain;charset=UTF-8
Date: Sun, 21 May 2023 10:51:34 GMT
Keep-Alive: timeout=60

Health UP
2023-05-21 13:52:08,151 INFO org.springframework.boot.StartupInfoLogger [main] Starting Application using Java 11.0.3 on N14911 with PID 18412 (C:\Users\kahussain\Downloads\springboot-logbook\target\classes started by kahussain in C:\Users\kahussain\Downloads\springboot-logbook)
2023-05-21 13:52:08,158 INFO org.springframework.boot.SpringApplication [main] No active profile set, falling back to 1 default profile: "default"
2023-05-21 13:52:09,935 INFO org.springframework.boot.web.embedded.tomcat.TomcatWebServer [main] Tomcat initialized with port(s): 8081 (http)
2023-05-21 13:52:10,344 INFO org.springframework.boot.web.servlet.context.ServletWebServerApplicationContext [main] Root WebApplicationContext: initialization completed in 2105 ms
2023-05-21 13:52:11,222 INFO org.springframework.boot.web.embedded.tomcat.TomcatWebServer [main] Tomcat started on port(s): 8081 (http) with context path ''
2023-05-21 13:52:11,242 INFO org.springframework.boot.StartupInfoLogger [main] Started Application in 3.905 seconds (JVM running for 5.792)
2023-05-21 13:52:23,624 INFO org.springframework.boot.StartupInfoLogger [main] Starting Application using Java 11.0.3 on N14911 with PID 14532 (C:\Users\kahussain\Downloads\springboot-logbook\target\classes started by kahussain in C:\Users\kahussain\Downloads\springboot-logbook)
2023-05-21 13:52:23,629 INFO org.springframework.boot.SpringApplication [main] No active profile set, falling back to 1 default profile: "default"
2023-05-21 13:52:24,991 INFO org.springframework.boot.web.embedded.tomcat.TomcatWebServer [main] Tomcat initialized with port(s): 8081 (http)
2023-05-21 13:52:25,199 INFO org.springframework.boot.web.servlet.context.ServletWebServerApplicationContext [main] Root WebApplicationContext: initialization completed in 1480 ms
2023-05-21 13:52:25,796 INFO org.springframework.boot.web.embedded.tomcat.TomcatWebServer [main] Tomcat started on port(s): 8081 (http) with context path ''
2023-05-21 13:52:25,812 INFO org.springframework.boot.StartupInfoLogger [main] Started Application in 3.176 seconds (JVM running for 5.034)
2023-05-21 13:52:32,408 INFO org.springframework.web.servlet.FrameworkServlet [http-nio-8081-exec-2] Initializing Servlet 'dispatcherServlet'
2023-05-21 13:52:32,410 INFO org.springframework.web.servlet.FrameworkServlet [http-nio-8081-exec-2] Completed initialization in 1 ms
2023-05-21 13:52:46,743 TRACE org.zalando.logbook.DefaultHttpLogWriter [http-nio-8081-exec-4] Incoming Request: d9c66f54df929b84
Remote: 0:0:0:0:0:0:0:1
POST http://localhost:8081/users HTTP/1.1
accept: */*
accept-encoding: gzip, deflate, br
app_id: test-api
connection: keep-alive
content-length: 58
content-type: application/json
host: localhost:8081
postman-token: b4ca9ecd-1694-4155-8674-a125cb1d0dd3
user-agent: PostmanRuntime/7.29.2

{"name":"John","email":"john123@mail.com"}
2023-05-21 13:52:46,807 INFO com.sm.repo.UserRepository [http-nio-8081-exec-4] INFO -> Get all users data
2023-05-21 13:52:46,836 TRACE org.zalando.logbook.DefaultHttpLogWriter [http-nio-8081-exec-4] Outgoing Response: d9c66f54df929b84
Duration: 147 ms
HTTP/1.1 200 OK
Connection: keep-alive
Content-Type: application/json
Date: Sun, 21 May 2023 10:52:46 GMT
Keep-Alive: timeout=60
Transfer-Encoding: chunked

{"id":100,"name":"zyx","email":"xyz@gmail.com","status":false}
2023-05-21 13:52:55,667 TRACE org.zalando.logbook.DefaultHttpLogWriter [http-nio-8081-exec-5] Incoming Request: acabf0ef09cb5785
Remote: 0:0:0:0:0:0:0:1
GET http://localhost:8081/users HTTP/1.1
accept: */*
accept-encoding: gzip, deflate, br
app_id: test-api
connection: keep-alive
content-length: 58
content-type: application/json
host: localhost:8081
postman-token: 153a6786-26b3-4109-9b47-3c4186bc46af
user-agent: PostmanRuntime/7.29.2

{"name":"John","email":"john123@mail.com"}
2023-05-21 13:52:55,669 INFO com.sm.repo.UserRepository [http-nio-8081-exec-5] INFO -> Get all users data
2023-05-21 13:52:55,719 TRACE org.zalando.logbook.DefaultHttpLogWriter [http-nio-8081-exec-5] Outgoing Response: acabf0ef09cb5785
Duration: 43 ms
HTTP/1.1 200 OK
Connection: keep-alive
Content-Type: application/json
Date: Sun, 21 May 2023 10:52:55 GMT
Keep-Alive: timeout=60
Transfer-Encoding: chunked

[{"id":100,"name":"zyx","email":"xyz@gmail.com","status":false},{"id":200,"name":"john","email":"john@gmail.com","status":true},{"id":300,"name":"smith","email":"smith@gmail.com","status":false},{"id":400,"name":"peter","email":"peter@gmail.com","status":true},{"id":500,"name":"kely","email":"kely@gmail.com","status":true}]
